2021-06-15T13:17:05+00:00 CRITICAL Uncaught Error: Call to undefined function shape_content_nav() in /var/www/shop/wp-content/themes/diplom/search.php:20
Stack trace:
#0 /var/www/shop/wp-includes/template-loader.php(106): include()
#1 /var/www/shop/wp-blog-header.php(19): require_once('/var/www/shop/w...')
#2 /var/www/shop/index.php(17): require('/var/www/shop/w...')
#3 {main}
  thrown in /var/www/shop/wp-content/themes/diplom/search.php on line 20

2021-06-15T13:17:58+00:00 CRITICAL Uncaught Error: Call to undefined function shape_content_nav() in /var/www/shop/wp-content/themes/diplom/search.php:20
Stack trace:
#0 /var/www/shop/wp-includes/template-loader.php(106): include()
#1 /var/www/shop/wp-blog-header.php(19): require_once('/var/www/shop/w...')
#2 /var/www/shop/index.php(17): require('/var/www/shop/w...')
#3 {main}
  thrown in /var/www/shop/wp-content/themes/diplom/search.php on line 20

2021-06-15T13:18:53+00:00 CRITICAL Uncaught Error: Call to undefined function shape_content_nav() in /var/www/shop/wp-content/themes/diplom/search.php:20
Stack trace:
#0 /var/www/shop/wp-includes/template-loader.php(106): include()
#1 /var/www/shop/wp-blog-header.php(19): require_once('/var/www/shop/w...')
#2 /var/www/shop/index.php(17): require('/var/www/shop/w...')
#3 {main}
  thrown in /var/www/shop/wp-content/themes/diplom/search.php on line 20

2021-06-15T13:20:07+00:00 CRITICAL Uncaught Error: Call to undefined function shape_content_nav() in /var/www/shop/wp-content/themes/diplom/search.php:20
Stack trace:
#0 /var/www/shop/wp-includes/template-loader.php(106): include()
#1 /var/www/shop/wp-blog-header.php(19): require_once('/var/www/shop/w...')
#2 /var/www/shop/index.php(17): require('/var/www/shop/w...')
#3 {main}
  thrown in /var/www/shop/wp-content/themes/diplom/search.php on line 20

2021-06-15T13:21:21+00:00 CRITICAL Uncaught Error: Call to undefined function shape_content_nav() in /var/www/shop/wp-content/themes/diplom/search.php:20
Stack trace:
#0 /var/www/shop/wp-includes/template-loader.php(106): include()
#1 /var/www/shop/wp-blog-header.php(19): require_once('/var/www/shop/w...')
#2 /var/www/shop/index.php(17): require('/var/www/shop/w...')
#3 {main}
  thrown in /var/www/shop/wp-content/themes/diplom/search.php on line 20

2021-06-15T13:22:45+00:00 CRITICAL Uncaught Error: Call to undefined function shape_content_nav() in /var/www/shop/wp-content/themes/diplom/search.php:20
Stack trace:
#0 /var/www/shop/wp-includes/template-loader.php(106): include()
#1 /var/www/shop/wp-blog-header.php(19): require_once('/var/www/shop/w...')
#2 /var/www/shop/index.php(17): require('/var/www/shop/w...')
#3 {main}
  thrown in /var/www/shop/wp-content/themes/diplom/search.php on line 20

2021-06-15T13:23:40+00:00 CRITICAL Uncaught Error: Call to undefined function shape_content_nav() in /var/www/shop/wp-content/themes/diplom/search.php:20
Stack trace:
#0 /var/www/shop/wp-includes/template-loader.php(106): include()
#1 /var/www/shop/wp-blog-header.php(19): require_once('/var/www/shop/w...')
#2 /var/www/shop/index.php(17): require('/var/www/shop/w...')
#3 {main}
  thrown in /var/www/shop/wp-content/themes/diplom/search.php on line 20

2021-06-15T13:23:47+00:00 CRITICAL Uncaught Error: Call to undefined function shape_content_nav() in /var/www/shop/wp-content/themes/diplom/search.php:20
Stack trace:
#0 /var/www/shop/wp-includes/template-loader.php(106): include()
#1 /var/www/shop/wp-blog-header.php(19): require_once('/var/www/shop/w...')
#2 /var/www/shop/index.php(17): require('/var/www/shop/w...')
#3 {main}
  thrown in /var/www/shop/wp-content/themes/diplom/search.php on line 20

2021-06-15T13:24:26+00:00 CRITICAL Uncaught Error: Call to undefined function shape_content_nav() in /var/www/shop/wp-content/themes/diplom/search.php:20
Stack trace:
#0 /var/www/shop/wp-includes/template-loader.php(106): include()
#1 /var/www/shop/wp-blog-header.php(19): require_once('/var/www/shop/w...')
#2 /var/www/shop/index.php(17): require('/var/www/shop/w...')
#3 {main}
  thrown in /var/www/shop/wp-content/themes/diplom/search.php on line 20

2021-06-15T13:24:28+00:00 CRITICAL Uncaught Error: Call to undefined function shape_content_nav() in /var/www/shop/wp-content/themes/diplom/search.php:20
Stack trace:
#0 /var/www/shop/wp-includes/template-loader.php(106): include()
#1 /var/www/shop/wp-blog-header.php(19): require_once('/var/www/shop/w...')
#2 /var/www/shop/index.php(17): require('/var/www/shop/w...')
#3 {main}
  thrown in /var/www/shop/wp-content/themes/diplom/search.php on line 20

2021-06-15T13:24:29+00:00 CRITICAL Uncaught Error: Call to undefined function shape_content_nav() in /var/www/shop/wp-content/themes/diplom/search.php:20
Stack trace:
#0 /var/www/shop/wp-includes/template-loader.php(106): include()
#1 /var/www/shop/wp-blog-header.php(19): require_once('/var/www/shop/w...')
#2 /var/www/shop/index.php(17): require('/var/www/shop/w...')
#3 {main}
  thrown in /var/www/shop/wp-content/themes/diplom/search.php on line 20

2021-06-15T13:24:29+00:00 CRITICAL Uncaught Error: Call to undefined function shape_content_nav() in /var/www/shop/wp-content/themes/diplom/search.php:20
Stack trace:
#0 /var/www/shop/wp-includes/template-loader.php(106): include()
#1 /var/www/shop/wp-blog-header.php(19): require_once('/var/www/shop/w...')
#2 /var/www/shop/index.php(17): require('/var/www/shop/w...')
#3 {main}
  thrown in /var/www/shop/wp-content/themes/diplom/search.php on line 20

2021-06-15T13:25:22+00:00 CRITICAL Uncaught Error: Call to undefined function shape_content_nav() in /var/www/shop/wp-content/themes/diplom/search.php:20
Stack trace:
#0 /var/www/shop/wp-includes/template-loader.php(106): include()
#1 /var/www/shop/wp-blog-header.php(19): require_once('/var/www/shop/w...')
#2 /var/www/shop/index.php(17): require('/var/www/shop/w...')
#3 {main}
  thrown in /var/www/shop/wp-content/themes/diplom/search.php on line 20

2021-06-15T13:26:28+00:00 CRITICAL Uncaught Error: Call to undefined function shape_content_nav() in /var/www/shop/wp-content/themes/diplom/search.php:20
Stack trace:
#0 /var/www/shop/wp-includes/template-loader.php(106): include()
#1 /var/www/shop/wp-blog-header.php(19): require_once('/var/www/shop/w...')
#2 /var/www/shop/index.php(17): require('/var/www/shop/w...')
#3 {main}
  thrown in /var/www/shop/wp-content/themes/diplom/search.php on line 20

2021-06-15T13:26:46+00:00 CRITICAL Uncaught Error: Call to undefined function shape_content_nav() in /var/www/shop/wp-content/themes/diplom/search.php:28
Stack trace:
#0 /var/www/shop/wp-includes/template-loader.php(106): include()
#1 /var/www/shop/wp-blog-header.php(19): require_once('/var/www/shop/w...')
#2 /var/www/shop/index.php(17): require('/var/www/shop/w...')
#3 {main}
  thrown in /var/www/shop/wp-content/themes/diplom/search.php on line 28

2021-06-15T16:09:41+00:00 CRITICAL syntax error, unexpected 'endif' (T_ENDIF), expecting end of file in /var/www/shop/wp-content/themes/diplom/woocommerce/checkout/form-billing.php on line 37

